<?xml version="1.0" encoding="UTF-8"?>
<robot generator="Robot 3.1.1 (Python 3.7.3 on win32)" generated="20190626 18:44:07.350" rpa="false">
<suite id="s1" name="Appium Test" source="C:\traffic\testcase\appium_test.robot">
<kw name="Open Application" library="AppiumLibrary" type="setup">
<doc>Opens a new application to given Appium server.
Capabilities of appium server, Android and iOS,
Please check https://github.com/appium/appium/blob/master/docs/en/writing-running-appium/server-args.md
| *Option*            | *Man.* | *Description*     |
| remote_url          | Yes    | Appium server url |
| alias               | no     | alias             |</doc>
<arguments>
<arg>://localhost:4723/wd/hub</arg>
<arg>platformName=Android</arg>
<arg>deviceName=Cu360</arg>
<arg>udid=19YT01310139</arg>
<arg>appPackage=com.avaya.vdocom</arg>
<arg>appActivity=com.avaya.vdocom.MainActivity</arg>
</arguments>
<kw name="Capture Page Screenshot" library="AppiumLibrary">
<doc>Takes a screenshot of the current page and embeds it into the log.</doc>
<msg timestamp="20190626 18:44:14.098" level="FAIL">No application is open</msg>
<status status="FAIL" starttime="20190626 18:44:14.096" endtime="20190626 18:44:14.098"></status>
</kw>
<msg timestamp="20190626 18:44:14.098" level="WARN">Keyword 'Capture Page Screenshot' could not be run on failure: No application is open</msg>
<msg timestamp="20190626 18:44:14.100" level="FAIL">WebDriverException: Message: An unknown server-side error occurred while processing the command. Original error: Error executing adbExec. Original error: 'Command 'F\:\\Extract\\sdk\\platform-tools\\adb.exe -P 5037 -s 19YT01310139 shell pm clear com.avaya.vdocom' exited with code 1'; Stderr: 'Error: java.lang.SecurityException: Cannot clear data for a protected package: com.avaya.vdocom'; Code: '1'
</msg>
<status status="FAIL" starttime="20190626 18:44:07.529" endtime="20190626 18:44:14.101"></status>
</kw>
<test id="s1-t1" name="Click call">
<status status="FAIL" starttime="20190626 18:44:14.101" endtime="20190626 18:44:14.101" critical="yes">Parent suite setup failed:
WebDriverException: Message: An unknown server-side error occurred while processing the command. Original error: Error executing adbExec. Original error: 'Command 'F\:\\Extract\\sdk\\platform-tools\\adb.exe -P 5037 -s 19YT01310139 shell pm clear com.avaya.vdocom' exited with code 1'; Stderr: 'Error: java.lang.SecurityException: Cannot clear data for a protected package: com.avaya.vdocom'; Code: '1'
</status>
</test>
<kw name="Close Application" library="AppiumLibrary" type="teardown">
<doc>Closes the current application and also close webdriver session.</doc>
<kw name="Capture Page Screenshot" library="AppiumLibrary">
<doc>Takes a screenshot of the current page and embeds it into the log.</doc>
<msg timestamp="20190626 18:44:14.106" level="FAIL">No application is open</msg>
<status status="FAIL" starttime="20190626 18:44:14.105" endtime="20190626 18:44:14.106"></status>
</kw>
<msg timestamp="20190626 18:44:14.107" level="WARN">Keyword 'Capture Page Screenshot' could not be run on failure: No application is open</msg>
<msg timestamp="20190626 18:44:14.108" level="FAIL">No application is open</msg>
<status status="FAIL" starttime="20190626 18:44:14.104" endtime="20190626 18:44:14.108">No application is open</status>
</kw>
<status status="FAIL" starttime="20190626 18:44:07.351" endtime="20190626 18:44:14.109">Suite setup failed:
WebDriverException: Message: An unknown server-side error occurred while processing the command. Original error: Error executing adbExec. Original error: 'Command 'F\:\\Extract\\sdk\\platform-tools\\adb.exe -P 5037 -s 19YT01310139 shell pm clear com.avaya.vdocom' exited with code 1'; Stderr: 'Error: java.lang.SecurityException: Cannot clear data for a protected package: com.avaya.vdocom'; Code: '1'


Also suite teardown failed:
No application is open</status>
</suite>
<statistics>
<total>
<stat pass="0" fail="1">Critical Tests</stat>
<stat pass="0" fail="1">All Tests</stat>
</total>
<tag>
</tag>
<suite>
<stat pass="0" fail="1" id="s1" name="Appium Test">Appium Test</stat>
</suite>
</statistics>
<errors>
<msg timestamp="20190626 18:44:14.098" level="WARN">Keyword 'Capture Page Screenshot' could not be run on failure: No application is open</msg>
<msg timestamp="20190626 18:44:14.107" level="WARN">Keyword 'Capture Page Screenshot' could not be run on failure: No application is open</msg>
</errors>
</robot>
